<?xml version="1.0" encoding="UTF-8"?>
<!-- Generated by org.testng.reporters.JUnitReportReporter -->
<testsuite hostname="DESKTOP-6064CKU" failures="0" tests="1" name="testCases.LoginTest" time="32.156" errors="0" timestamp="2023-11-11T09:37:30 IST" skipped="0">
  <testcase classname="testCases.LoginTest" name="tc_login" time="32.156"/>
  <system-out/>
</testsuite> <!-- testCases.LoginTest -->
