<?xml version="1.0" encoding="UTF-8"?>
<!-- Generated by org.testng.reporters.JUnitReportReporter -->
<testsuite hostname="DESKTOP-6064CKU" failures="0" tests="1" name="testCases.LoginTest" time="58.744" errors="0" timestamp="2023-11-16T12:45:40 IST" skipped="0">
  <testcase classname="testCases.LoginTest" name="tc_login" time="58.744"/>
  <system-out/>
</testsuite> <!-- testCases.LoginTest -->
